[2026-01-31 10:27:14,478: INFO: main: >>>>>> Stage Data Ingestion Stage started <<<<<<]
[2026-01-31 10:27:14,479: INFO: common: YAML file 'config/config.yaml' read successfully.]
[2026-01-31 10:27:14,480: INFO: common: YAML file 'params.yaml' read successfully.]
[2026-01-31 10:27:14,481: INFO: common: Directory 'artifacts' created successfully or already exists.]
[2026-01-31 10:27:14,481: INFO: common: Directory 'artifacts/data_ingestion' created successfully or already exists.]
[2026-01-31 10:27:16,374: INFO: data_ingestion: File downloaded successfully!]
[2026-01-31 10:27:16,422: INFO: data_ingestion: File extracted successfully at artifacts/data_ingestion]
[2026-01-31 10:27:16,422: INFO: main: >>>>>> Stage Data Ingestion Stage completed <<<<<<]
[2026-01-31 10:27:16,422: INFO: main: >>>>>> Stage Data Transformation Stage started <<<<<<]
[2026-01-31 10:27:16,424: INFO: common: YAML file 'config/config.yaml' read successfully.]
[2026-01-31 10:27:16,425: INFO: common: YAML file 'params.yaml' read successfully.]
[2026-01-31 10:27:16,425: INFO: common: Directory 'artifacts' created successfully or already exists.]
[2026-01-31 10:27:16,425: INFO: common: Directory 'artifacts/data_transformation' created successfully or already exists.]
[2026-01-31 10:27:17,544: INFO: data_transformation: Initialized DataTransformation with tokenizer: google/flan-t5-small]
[2026-01-31 10:27:19,888: INFO: data_transformation: Saving transformed dataset to disk...]
[2026-01-31 10:27:19,930: INFO: data_transformation: Dataset saved successfully at artifacts/data_transformation/summarizer_dataset]
[2026-01-31 10:27:19,953: INFO: main: >>>>>> Stage Data Transformation Stage completed <<<<<<]
[2026-01-31 10:27:19,953: INFO: main: >>>>>> Stage Model Trainer Stage started <<<<<<]
[2026-01-31 10:27:19,955: INFO: common: YAML file 'config/config.yaml' read successfully.]
[2026-01-31 10:27:19,956: INFO: common: YAML file 'params.yaml' read successfully.]
[2026-01-31 10:27:19,956: INFO: common: Directory 'artifacts' created successfully or already exists.]
[2026-01-31 10:27:19,956: INFO: common: Directory 'artifacts/model_trainer' created successfully or already exists.]
[2026-01-31 10:27:20,074: INFO: model_trainer: Initialized ModelTrainer on device: cuda]
[2026-01-31 10:27:22,768: INFO: model_trainer: Starting model training...]
[2026-01-31 10:28:14,356: INFO: model_trainer: Model training completed successfully.]
[2026-01-31 10:28:14,356: INFO: model_trainer: Saving model and tokenizer...]
[2026-01-31 10:28:14,955: INFO: model_trainer: Model and tokenizer saved at artifacts/model_trainer]
[2026-01-31 10:28:14,975: INFO: main: >>>>>> Stage Model Trainer Stage completed <<<<<<]
[2026-01-31 10:28:14,976: INFO: main: >>>>>> Stage Model Evaluation Stage started <<<<<<]
[2026-01-31 10:28:14,978: INFO: common: YAML file 'config/config.yaml' read successfully.]
[2026-01-31 10:28:14,979: INFO: common: YAML file 'params.yaml' read successfully.]
[2026-01-31 10:28:14,979: INFO: common: Directory 'artifacts' created successfully or already exists.]
[2026-01-31 10:28:14,979: INFO: common: Directory 'artifacts/model_evaluation' created successfully or already exists.]
[2026-01-31 10:28:14,979: INFO: model_evaluation: Initialized ModelEvaluation on device: cuda]
[2026-01-31 10:28:17,130: INFO: model_evaluation: Loaded model from artifacts/model_trainer/t5_model and dataset from artifacts/data_transformation/summarizer_dataset]
[2026-01-31 10:30:06,494: INFO: rouge_scorer: Using default tokenizer.]
[2026-01-31 10:30:06,914: INFO: model_evaluation: Saving evaluation metrics to CSV...]
[2026-01-31 10:30:06,916: INFO: model_evaluation: Evaluation metrics saved successfully at artifacts/model_evaluation/metrics.csv]
[2026-01-31 10:30:06,916: INFO: main: >>>>>> Stage Model Evaluation Stage completed <<<<<<]
[2026-02-01 09:03:17,956: INFO: server: Started server process [23406]]
[2026-02-01 09:03:17,957: INFO: on: Waiting for application startup.]
[2026-02-01 09:03:17,957: INFO: on: Application startup complete.]
[2026-02-01 09:03:17,958: INFO: server: Uvicorn running on http://0.0.0.0:8000 (Press CTRL+C to quit)]
[2026-02-01 09:04:13,773: INFO: common: YAML file 'config/config.yaml' read successfully.]
[2026-02-01 09:04:13,776: INFO: common: YAML file 'params.yaml' read successfully.]
[2026-02-01 09:04:13,776: INFO: common: Directory 'artifacts' created successfully or already exists.]
[2026-02-01 09:04:13,777: INFO: common: Directory 'artifacts/model_evaluation' created successfully or already exists.]
[2026-02-01 09:04:53,206: INFO: common: YAML file 'config/config.yaml' read successfully.]
[2026-02-01 09:04:53,208: INFO: common: YAML file 'params.yaml' read successfully.]
[2026-02-01 09:04:53,208: INFO: common: Directory 'artifacts' created successfully or already exists.]
[2026-02-01 09:04:53,208: INFO: common: Directory 'artifacts/model_evaluation' created successfully or already exists.]
[2026-02-01 09:05:22,607: INFO: common: YAML file 'config/config.yaml' read successfully.]
[2026-02-01 09:05:22,610: INFO: common: YAML file 'params.yaml' read successfully.]
[2026-02-01 09:05:22,610: INFO: common: Directory 'artifacts' created successfully or already exists.]
[2026-02-01 09:05:22,610: INFO: common: Directory 'artifacts/model_evaluation' created successfully or already exists.]
[2026-02-01 09:05:55,836: INFO: server: Shutting down]
[2026-02-01 09:05:55,937: INFO: on: Waiting for application shutdown.]
[2026-02-01 09:05:55,938: INFO: on: Application shutdown complete.]
[2026-02-01 09:05:55,938: INFO: server: Finished server process [23406]]
[2026-02-01 09:07:06,353: INFO: server: Started server process [26118]]
[2026-02-01 09:07:06,354: INFO: on: Waiting for application startup.]
[2026-02-01 09:07:06,354: INFO: on: Application startup complete.]
[2026-02-01 09:07:06,355: INFO: server: Uvicorn running on http://0.0.0.0:8000 (Press CTRL+C to quit)]
[2026-02-01 09:07:20,893: INFO: common: YAML file 'config/config.yaml' read successfully.]
[2026-02-01 09:07:20,895: INFO: common: YAML file 'params.yaml' read successfully.]
[2026-02-01 09:07:20,896: INFO: common: Directory 'artifacts' created successfully or already exists.]
[2026-02-01 09:07:20,896: INFO: common: Directory 'artifacts/model_evaluation' created successfully or already exists.]
[2026-02-01 09:07:20,896: ERROR: prediction_pipeline: Repo id must be in the form 'repo_name' or 'namespace/repo_name': 'artifacts/model_trainer/t5_tokenizer'. Use `repo_type` argument if needed.]
Traceback (most recent call last):
  File "/home/siddhu/Desktop/Text-Summarizer-With-HF/venv/lib/python3.10/site-packages/transformers/utils/hub.py", line 479, in cached_files
    hf_hub_download(
  File "/home/siddhu/Desktop/Text-Summarizer-With-HF/venv/lib/python3.10/site-packages/huggingface_hub/utils/_validators.py", line 106, in _inner_fn
    validate_repo_id(arg_value)
  File "/home/siddhu/Desktop/Text-Summarizer-With-HF/venv/lib/python3.10/site-packages/huggingface_hub/utils/_validators.py", line 154, in validate_repo_id
    raise HFValidationError(
huggingface_hub.errors.HFValidationError: Repo id must be in the form 'repo_name' or 'namespace/repo_name': 'artifacts/model_trainer/t5_tokenizer'. Use `repo_type` argument if needed.

During handling of the above exception, another exception occurred:

Traceback (most recent call last):
  File "/home/siddhu/Desktop/Text-Summarizer-With-HF/src/textSummarizer/pipeline/prediction_pipeline.py", line 13, in predict
    tokenizer = AutoTokenizer.from_pretrained(self.config.tokenizer_path)
  File "/home/siddhu/Desktop/Text-Summarizer-With-HF/venv/lib/python3.10/site-packages/transformers/models/auto/tokenization_auto.py", line 1089, in from_pretrained
    tokenizer_config = get_tokenizer_config(pretrained_model_name_or_path, **kwargs)
  File "/home/siddhu/Desktop/Text-Summarizer-With-HF/venv/lib/python3.10/site-packages/transformers/models/auto/tokenization_auto.py", line 921, in get_tokenizer_config
    resolved_config_file = cached_file(
  File "/home/siddhu/Desktop/Text-Summarizer-With-HF/venv/lib/python3.10/site-packages/transformers/utils/hub.py", line 322, in cached_file
    file = cached_files(path_or_repo_id=path_or_repo_id, filenames=[filename], **kwargs)
  File "/home/siddhu/Desktop/Text-Summarizer-With-HF/venv/lib/python3.10/site-packages/transformers/utils/hub.py", line 531, in cached_files
    resolved_files = [
  File "/home/siddhu/Desktop/Text-Summarizer-With-HF/venv/lib/python3.10/site-packages/transformers/utils/hub.py", line 532, in <listcomp>
    _get_cache_file_to_return(path_or_repo_id, filename, cache_dir, revision, repo_type)
  File "/home/siddhu/Desktop/Text-Summarizer-With-HF/venv/lib/python3.10/site-packages/transformers/utils/hub.py", line 143, in _get_cache_file_to_return
    resolved_file = try_to_load_from_cache(
  File "/home/siddhu/Desktop/Text-Summarizer-With-HF/venv/lib/python3.10/site-packages/huggingface_hub/utils/_validators.py", line 106, in _inner_fn
    validate_repo_id(arg_value)
  File "/home/siddhu/Desktop/Text-Summarizer-With-HF/venv/lib/python3.10/site-packages/huggingface_hub/utils/_validators.py", line 154, in validate_repo_id
    raise HFValidationError(
huggingface_hub.errors.HFValidationError: Repo id must be in the form 'repo_name' or 'namespace/repo_name': 'artifacts/model_trainer/t5_tokenizer'. Use `repo_type` argument if needed.
[2026-02-01 09:08:02,572: INFO: main: >>>>>> Stage Data Ingestion Stage started <<<<<<]
[2026-02-01 09:08:02,577: INFO: common: YAML file 'config/config.yaml' read successfully.]
[2026-02-01 09:08:02,579: INFO: common: YAML file 'params.yaml' read successfully.]
[2026-02-01 09:08:02,579: INFO: common: Directory 'artifacts' created successfully or already exists.]
[2026-02-01 09:08:02,580: INFO: common: Directory 'artifacts/data_ingestion' created successfully or already exists.]
[2026-02-01 09:08:06,957: INFO: data_ingestion: File downloaded successfully!]
[2026-02-01 09:08:07,055: INFO: data_ingestion: File extracted successfully at artifacts/data_ingestion]
[2026-02-01 09:08:07,056: INFO: main: >>>>>> Stage Data Ingestion Stage completed <<<<<<]
[2026-02-01 09:08:07,056: INFO: main: >>>>>> Stage Data Transformation Stage started <<<<<<]
[2026-02-01 09:08:07,059: INFO: common: YAML file 'config/config.yaml' read successfully.]
[2026-02-01 09:08:07,062: INFO: common: YAML file 'params.yaml' read successfully.]
[2026-02-01 09:08:07,062: INFO: common: Directory 'artifacts' created successfully or already exists.]
[2026-02-01 09:08:07,062: INFO: common: Directory 'artifacts/data_transformation' created successfully or already exists.]
[2026-02-01 09:08:08,453: INFO: data_transformation: Initialized DataTransformation with tokenizer: google/flan-t5-small]
[2026-02-01 09:08:12,300: INFO: data_transformation: Saving transformed dataset to disk...]
[2026-02-01 09:08:12,390: INFO: data_transformation: Dataset saved successfully at artifacts/data_transformation/summarizer_dataset]
[2026-02-01 09:08:12,429: INFO: main: >>>>>> Stage Data Transformation Stage completed <<<<<<]
[2026-02-01 09:08:12,429: INFO: main: >>>>>> Stage Model Trainer Stage started <<<<<<]
[2026-02-01 09:08:12,432: INFO: common: YAML file 'config/config.yaml' read successfully.]
[2026-02-01 09:08:12,435: INFO: common: YAML file 'params.yaml' read successfully.]
[2026-02-01 09:08:12,435: INFO: common: Directory 'artifacts' created successfully or already exists.]
[2026-02-01 09:08:12,435: INFO: common: Directory 'artifacts/model_trainer' created successfully or already exists.]
[2026-02-01 09:08:12,594: INFO: model_trainer: Initialized ModelTrainer on device: cuda]
[2026-02-01 09:08:16,554: INFO: model_trainer: Starting model training...]
[2026-02-01 09:09:17,859: INFO: model_trainer: Model training completed successfully.]
[2026-02-01 09:09:17,859: INFO: model_trainer: Saving model and tokenizer...]
[2026-02-01 09:09:18,448: INFO: model_trainer: Model and tokenizer saved at artifacts/model_trainer]
[2026-02-01 09:09:18,468: INFO: main: >>>>>> Stage Model Trainer Stage completed <<<<<<]
[2026-02-01 09:09:18,469: INFO: main: >>>>>> Stage Model Evaluation Stage started <<<<<<]
[2026-02-01 09:09:18,471: INFO: common: YAML file 'config/config.yaml' read successfully.]
[2026-02-01 09:09:18,471: INFO: common: YAML file 'params.yaml' read successfully.]
[2026-02-01 09:09:18,472: INFO: common: Directory 'artifacts' created successfully or already exists.]
[2026-02-01 09:09:18,472: INFO: common: Directory 'artifacts/model_evaluation' created successfully or already exists.]
[2026-02-01 09:09:18,472: INFO: model_evaluation: Initialized ModelEvaluation on device: cuda]
[2026-02-01 09:09:20,751: INFO: model_evaluation: Loaded model from artifacts/model_trainer/t5_model and dataset from artifacts/data_transformation/summarizer_dataset]
[2026-02-01 09:11:17,583: INFO: rouge_scorer: Using default tokenizer.]
[2026-02-01 09:11:18,039: INFO: model_evaluation: Saving evaluation metrics to CSV...]
[2026-02-01 09:11:18,041: INFO: model_evaluation: Evaluation metrics saved successfully at artifacts/model_evaluation/metrics.csv]
[2026-02-01 09:11:18,041: INFO: main: >>>>>> Stage Model Evaluation Stage completed <<<<<<]
[2026-02-01 09:11:53,608: INFO: common: YAML file 'config/config.yaml' read successfully.]
[2026-02-01 09:11:53,609: INFO: common: YAML file 'params.yaml' read successfully.]
[2026-02-01 09:11:53,609: INFO: common: Directory 'artifacts' created successfully or already exists.]
[2026-02-01 09:11:53,609: INFO: common: Directory 'artifacts/model_evaluation' created successfully or already exists.]
[2026-02-01 09:59:42,404: INFO: common: YAML file 'config/config.yaml' read successfully.]
[2026-02-01 09:59:42,406: INFO: common: YAML file 'params.yaml' read successfully.]
[2026-02-01 09:59:42,407: INFO: common: Directory 'artifacts' created successfully or already exists.]
[2026-02-01 09:59:42,408: INFO: common: Directory 'artifacts/data_transformation' created successfully or already exists.]
[2026-02-01 10:07:11,408: INFO: main: >>>>>> Stage Data Ingestion Stage started <<<<<<]
[2026-02-01 10:07:11,410: INFO: common: YAML file 'config/config.yaml' read successfully.]
[2026-02-01 10:07:11,411: INFO: common: YAML file 'params.yaml' read successfully.]
[2026-02-01 10:07:11,411: INFO: common: Directory 'artifacts' created successfully or already exists.]
[2026-02-01 10:07:11,411: INFO: common: Directory 'artifacts/data_ingestion' created successfully or already exists.]
[2026-02-01 10:07:13,163: INFO: data_ingestion: File downloaded successfully!]
[2026-02-01 10:07:13,215: INFO: data_ingestion: File extracted successfully at artifacts/data_ingestion]
[2026-02-01 10:07:13,215: INFO: main: >>>>>> Stage Data Ingestion Stage completed <<<<<<]
[2026-02-01 10:07:13,215: INFO: main: >>>>>> Stage Data Transformation Stage started <<<<<<]
[2026-02-01 10:07:13,217: INFO: common: YAML file 'config/config.yaml' read successfully.]
[2026-02-01 10:07:13,218: INFO: common: YAML file 'params.yaml' read successfully.]
[2026-02-01 10:07:13,218: INFO: common: Directory 'artifacts' created successfully or already exists.]
[2026-02-01 10:07:13,218: INFO: common: Directory 'artifacts/data_transformation' created successfully or already exists.]
[2026-02-01 10:07:14,321: INFO: data_transformation: Initialized DataTransformation with tokenizer: google/flan-t5-small]
[2026-02-01 10:07:16,571: INFO: data_transformation: Saving transformed dataset to disk...]
[2026-02-01 10:07:16,609: INFO: data_transformation: Dataset saved successfully at artifacts/data_transformation/summarizer_dataset]
[2026-02-01 10:07:16,634: INFO: main: >>>>>> Stage Data Transformation Stage completed <<<<<<]
[2026-02-01 10:19:03,596: INFO: main: >>>>>> Stage Data Ingestion Stage started <<<<<<]
[2026-02-01 10:19:03,598: INFO: common: YAML file 'config/config.yaml' read successfully.]
[2026-02-01 10:19:03,599: INFO: common: YAML file 'params.yaml' read successfully.]
[2026-02-01 10:19:03,599: INFO: common: Directory 'artifacts' created successfully or already exists.]
[2026-02-01 10:19:03,599: INFO: common: Directory 'artifacts/data_ingestion' created successfully or already exists.]
[2026-02-01 10:19:07,969: INFO: data_ingestion: File downloaded successfully!]
[2026-02-01 10:19:08,022: INFO: data_ingestion: File extracted successfully at artifacts/data_ingestion]
[2026-02-01 10:19:08,022: INFO: main: >>>>>> Stage Data Ingestion Stage completed <<<<<<]
[2026-02-01 10:19:08,022: INFO: main: >>>>>> Stage Data Transformation Stage started <<<<<<]
[2026-02-01 10:19:08,024: INFO: common: YAML file 'config/config.yaml' read successfully.]
[2026-02-01 10:19:08,024: INFO: common: YAML file 'params.yaml' read successfully.]
[2026-02-01 10:19:08,024: INFO: common: Directory 'artifacts' created successfully or already exists.]
[2026-02-01 10:19:08,025: INFO: common: Directory 'artifacts/data_transformation' created successfully or already exists.]
[2026-02-01 10:19:10,021: INFO: data_transformation: Initialized DataTransformation with tokenizer: google/flan-t5-small]
[2026-02-01 10:19:12,395: INFO: data_transformation: Saving transformed dataset to disk...]
[2026-02-01 10:19:12,432: INFO: data_transformation: Dataset saved successfully at artifacts/data_transformation/summarizer_dataset]
[2026-02-01 10:19:12,453: INFO: main: >>>>>> Stage Data Transformation Stage completed <<<<<<]
[2026-02-01 10:19:12,454: INFO: main: >>>>>> Stage Model Trainer Stage started <<<<<<]
[2026-02-01 10:19:12,455: INFO: common: YAML file 'config/config.yaml' read successfully.]
[2026-02-01 10:19:12,456: INFO: common: YAML file 'params.yaml' read successfully.]
[2026-02-01 10:19:12,456: INFO: common: Directory 'artifacts' created successfully or already exists.]
[2026-02-01 10:19:12,456: INFO: common: Directory 'artifacts/model_trainer' created successfully or already exists.]
[2026-02-01 10:19:12,510: INFO: model_trainer: Initialized ModelTrainer on device: cuda]
[2026-02-01 10:19:14,971: INFO: model_trainer: Starting model training...]
[2026-02-01 10:19:15,759: ERROR: stage3_model_trainer: CUDA out of memory. Tried to allocate 20.00 MiB. GPU 0 has a total capacity of 3.63 GiB of which 10.31 MiB is free. Process 26118 has 424.00 MiB memory in use. Process 43022 has 2.12 GiB memory in use. Including non-PyTorch memory, this process has 1.04 GiB memory in use. Of the allocated memory 931.18 MiB is allocated by PyTorch, and 58.82 MiB is reserved by PyTorch but unallocated. If reserved but unallocated memory is large try setting PYTORCH_ALLOC_CONF=expandable_segments:True to avoid fragmentation.  See documentation for Memory Management  (https://pytorch.org/docs/stable/notes/cuda.html#environment-variables)]
Traceback (most recent call last):
  File "/home/siddhu/Desktop/Text-Summarizer-With-HF/src/textSummarizer/pipeline/stage3_model_trainer.py", line 15, in initiate_model_trainer
    model_trainer.train()
  File "/home/siddhu/Desktop/Text-Summarizer-With-HF/src/textSummarizer/components/model_trainer.py", line 51, in train
    trainer.train()
  File "/home/siddhu/Desktop/Text-Summarizer-With-HF/venv/lib/python3.10/site-packages/transformers/trainer.py", line 2325, in train
    return inner_training_loop(
  File "/home/siddhu/Desktop/Text-Summarizer-With-HF/venv/lib/python3.10/site-packages/transformers/trainer.py", line 2674, in _inner_training_loop
    tr_loss_step = self.training_step(model, inputs, num_items_in_batch)
  File "/home/siddhu/Desktop/Text-Summarizer-With-HF/venv/lib/python3.10/site-packages/transformers/trainer.py", line 4020, in training_step
    loss = self.compute_loss(model, inputs, num_items_in_batch=num_items_in_batch)
  File "/home/siddhu/Desktop/Text-Summarizer-With-HF/venv/lib/python3.10/site-packages/transformers/trainer.py", line 4110, in compute_loss
    outputs = model(**inputs)
  File "/home/siddhu/Desktop/Text-Summarizer-With-HF/venv/lib/python3.10/site-packages/torch/nn/modules/module.py", line 1776, in _wrapped_call_impl
    return self._call_impl(*args, **kwargs)
  File "/home/siddhu/Desktop/Text-Summarizer-With-HF/venv/lib/python3.10/site-packages/torch/nn/modules/module.py", line 1787, in _call_impl
    return forward_call(*args, **kwargs)
  File "/home/siddhu/Desktop/Text-Summarizer-With-HF/venv/lib/python3.10/site-packages/transformers/models/t5/modeling_t5.py", line 1727, in forward
    encoder_outputs = self.encoder(
  File "/home/siddhu/Desktop/Text-Summarizer-With-HF/venv/lib/python3.10/site-packages/torch/nn/modules/module.py", line 1776, in _wrapped_call_impl
    return self._call_impl(*args, **kwargs)
  File "/home/siddhu/Desktop/Text-Summarizer-With-HF/venv/lib/python3.10/site-packages/torch/nn/modules/module.py", line 1787, in _call_impl
    return forward_call(*args, **kwargs)
  File "/home/siddhu/Desktop/Text-Summarizer-With-HF/venv/lib/python3.10/site-packages/transformers/models/t5/modeling_t5.py", line 1100, in forward
    layer_outputs = layer_module(
  File "/home/siddhu/Desktop/Text-Summarizer-With-HF/venv/lib/python3.10/site-packages/transformers/modeling_layers.py", line 94, in __call__
    return super().__call__(*args, **kwargs)
  File "/home/siddhu/Desktop/Text-Summarizer-With-HF/venv/lib/python3.10/site-packages/torch/nn/modules/module.py", line 1776, in _wrapped_call_impl
    return self._call_impl(*args, **kwargs)
  File "/home/siddhu/Desktop/Text-Summarizer-With-HF/venv/lib/python3.10/site-packages/torch/nn/modules/module.py", line 1787, in _call_impl
    return forward_call(*args, **kwargs)
  File "/home/siddhu/Desktop/Text-Summarizer-With-HF/venv/lib/python3.10/site-packages/transformers/utils/deprecation.py", line 172, in wrapped_func
    return func(*args, **kwargs)
  File "/home/siddhu/Desktop/Text-Summarizer-With-HF/venv/lib/python3.10/site-packages/transformers/models/t5/modeling_t5.py", line 737, in forward
    hidden_states = self.layer[-1](hidden_states)
  File "/home/siddhu/Desktop/Text-Summarizer-With-HF/venv/lib/python3.10/site-packages/torch/nn/modules/module.py", line 1776, in _wrapped_call_impl
    return self._call_impl(*args, **kwargs)
  File "/home/siddhu/Desktop/Text-Summarizer-With-HF/venv/lib/python3.10/site-packages/torch/nn/modules/module.py", line 1787, in _call_impl
    return forward_call(*args, **kwargs)
  File "/home/siddhu/Desktop/Text-Summarizer-With-HF/venv/lib/python3.10/site-packages/transformers/models/t5/modeling_t5.py", line 343, in forward
    forwarded_states = self.DenseReluDense(forwarded_states)
  File "/home/siddhu/Desktop/Text-Summarizer-With-HF/venv/lib/python3.10/site-packages/torch/nn/modules/module.py", line 1776, in _wrapped_call_impl
    return self._call_impl(*args, **kwargs)
  File "/home/siddhu/Desktop/Text-Summarizer-With-HF/venv/lib/python3.10/site-packages/torch/nn/modules/module.py", line 1787, in _call_impl
    return forward_call(*args, **kwargs)
  File "/home/siddhu/Desktop/Text-Summarizer-With-HF/venv/lib/python3.10/site-packages/transformers/models/t5/modeling_t5.py", line 313, in forward
    hidden_states = hidden_gelu * hidden_linear
torch.OutOfMemoryError: CUDA out of memory. Tried to allocate 20.00 MiB. GPU 0 has a total capacity of 3.63 GiB of which 10.31 MiB is free. Process 26118 has 424.00 MiB memory in use. Process 43022 has 2.12 GiB memory in use. Including non-PyTorch memory, this process has 1.04 GiB memory in use. Of the allocated memory 931.18 MiB is allocated by PyTorch, and 58.82 MiB is reserved by PyTorch but unallocated. If reserved but unallocated memory is large try setting PYTORCH_ALLOC_CONF=expandable_segments:True to avoid fragmentation.  See documentation for Memory Management  (https://pytorch.org/docs/stable/notes/cuda.html#environment-variables)
[2026-02-01 10:19:15,762: ERROR: main: Error in stage Model Trainer Stage: CUDA out of memory. Tried to allocate 20.00 MiB. GPU 0 has a total capacity of 3.63 GiB of which 10.31 MiB is free. Process 26118 has 424.00 MiB memory in use. Process 43022 has 2.12 GiB memory in use. Including non-PyTorch memory, this process has 1.04 GiB memory in use. Of the allocated memory 931.18 MiB is allocated by PyTorch, and 58.82 MiB is reserved by PyTorch but unallocated. If reserved but unallocated memory is large try setting PYTORCH_ALLOC_CONF=expandable_segments:True to avoid fragmentation.  See documentation for Memory Management  (https://pytorch.org/docs/stable/notes/cuda.html#environment-variables)]
Traceback (most recent call last):
  File "/home/siddhu/Desktop/Text-Summarizer-With-HF/main.py", line 43, in <module>
    model_trainer.initiate_model_trainer()
  File "/home/siddhu/Desktop/Text-Summarizer-With-HF/src/textSummarizer/pipeline/stage3_model_trainer.py", line 18, in initiate_model_trainer
    raise e
  File "/home/siddhu/Desktop/Text-Summarizer-With-HF/src/textSummarizer/pipeline/stage3_model_trainer.py", line 15, in initiate_model_trainer
    model_trainer.train()
  File "/home/siddhu/Desktop/Text-Summarizer-With-HF/src/textSummarizer/components/model_trainer.py", line 51, in train
    trainer.train()
  File "/home/siddhu/Desktop/Text-Summarizer-With-HF/venv/lib/python3.10/site-packages/transformers/trainer.py", line 2325, in train
    return inner_training_loop(
  File "/home/siddhu/Desktop/Text-Summarizer-With-HF/venv/lib/python3.10/site-packages/transformers/trainer.py", line 2674, in _inner_training_loop
    tr_loss_step = self.training_step(model, inputs, num_items_in_batch)
  File "/home/siddhu/Desktop/Text-Summarizer-With-HF/venv/lib/python3.10/site-packages/transformers/trainer.py", line 4020, in training_step
    loss = self.compute_loss(model, inputs, num_items_in_batch=num_items_in_batch)
  File "/home/siddhu/Desktop/Text-Summarizer-With-HF/venv/lib/python3.10/site-packages/transformers/trainer.py", line 4110, in compute_loss
    outputs = model(**inputs)
  File "/home/siddhu/Desktop/Text-Summarizer-With-HF/venv/lib/python3.10/site-packages/torch/nn/modules/module.py", line 1776, in _wrapped_call_impl
    return self._call_impl(*args, **kwargs)
  File "/home/siddhu/Desktop/Text-Summarizer-With-HF/venv/lib/python3.10/site-packages/torch/nn/modules/module.py", line 1787, in _call_impl
    return forward_call(*args, **kwargs)
  File "/home/siddhu/Desktop/Text-Summarizer-With-HF/venv/lib/python3.10/site-packages/transformers/models/t5/modeling_t5.py", line 1727, in forward
    encoder_outputs = self.encoder(
  File "/home/siddhu/Desktop/Text-Summarizer-With-HF/venv/lib/python3.10/site-packages/torch/nn/modules/module.py", line 1776, in _wrapped_call_impl
    return self._call_impl(*args, **kwargs)
  File "/home/siddhu/Desktop/Text-Summarizer-With-HF/venv/lib/python3.10/site-packages/torch/nn/modules/module.py", line 1787, in _call_impl
    return forward_call(*args, **kwargs)
  File "/home/siddhu/Desktop/Text-Summarizer-With-HF/venv/lib/python3.10/site-packages/transformers/models/t5/modeling_t5.py", line 1100, in forward
    layer_outputs = layer_module(
  File "/home/siddhu/Desktop/Text-Summarizer-With-HF/venv/lib/python3.10/site-packages/transformers/modeling_layers.py", line 94, in __call__
    return super().__call__(*args, **kwargs)
  File "/home/siddhu/Desktop/Text-Summarizer-With-HF/venv/lib/python3.10/site-packages/torch/nn/modules/module.py", line 1776, in _wrapped_call_impl
    return self._call_impl(*args, **kwargs)
  File "/home/siddhu/Desktop/Text-Summarizer-With-HF/venv/lib/python3.10/site-packages/torch/nn/modules/module.py", line 1787, in _call_impl
    return forward_call(*args, **kwargs)
  File "/home/siddhu/Desktop/Text-Summarizer-With-HF/venv/lib/python3.10/site-packages/transformers/utils/deprecation.py", line 172, in wrapped_func
    return func(*args, **kwargs)
  File "/home/siddhu/Desktop/Text-Summarizer-With-HF/venv/lib/python3.10/site-packages/transformers/models/t5/modeling_t5.py", line 737, in forward
    hidden_states = self.layer[-1](hidden_states)
  File "/home/siddhu/Desktop/Text-Summarizer-With-HF/venv/lib/python3.10/site-packages/torch/nn/modules/module.py", line 1776, in _wrapped_call_impl
    return self._call_impl(*args, **kwargs)
  File "/home/siddhu/Desktop/Text-Summarizer-With-HF/venv/lib/python3.10/site-packages/torch/nn/modules/module.py", line 1787, in _call_impl
    return forward_call(*args, **kwargs)
  File "/home/siddhu/Desktop/Text-Summarizer-With-HF/venv/lib/python3.10/site-packages/transformers/models/t5/modeling_t5.py", line 343, in forward
    forwarded_states = self.DenseReluDense(forwarded_states)
  File "/home/siddhu/Desktop/Text-Summarizer-With-HF/venv/lib/python3.10/site-packages/torch/nn/modules/module.py", line 1776, in _wrapped_call_impl
    return self._call_impl(*args, **kwargs)
  File "/home/siddhu/Desktop/Text-Summarizer-With-HF/venv/lib/python3.10/site-packages/torch/nn/modules/module.py", line 1787, in _call_impl
    return forward_call(*args, **kwargs)
  File "/home/siddhu/Desktop/Text-Summarizer-With-HF/venv/lib/python3.10/site-packages/transformers/models/t5/modeling_t5.py", line 313, in forward
    hidden_states = hidden_gelu * hidden_linear
torch.OutOfMemoryError: CUDA out of memory. Tried to allocate 20.00 MiB. GPU 0 has a total capacity of 3.63 GiB of which 10.31 MiB is free. Process 26118 has 424.00 MiB memory in use. Process 43022 has 2.12 GiB memory in use. Including non-PyTorch memory, this process has 1.04 GiB memory in use. Of the allocated memory 931.18 MiB is allocated by PyTorch, and 58.82 MiB is reserved by PyTorch but unallocated. If reserved but unallocated memory is large try setting PYTORCH_ALLOC_CONF=expandable_segments:True to avoid fragmentation.  See documentation for Memory Management  (https://pytorch.org/docs/stable/notes/cuda.html#environment-variables)
[2026-02-01 10:19:30,832: INFO: main: >>>>>> Stage Data Ingestion Stage started <<<<<<]
[2026-02-01 10:19:30,834: INFO: common: YAML file 'config/config.yaml' read successfully.]
[2026-02-01 10:19:30,834: INFO: common: YAML file 'params.yaml' read successfully.]
[2026-02-01 10:19:30,835: INFO: common: Directory 'artifacts' created successfully or already exists.]
[2026-02-01 10:19:30,835: INFO: common: Directory 'artifacts/data_ingestion' created successfully or already exists.]
[2026-02-01 10:19:30,835: INFO: data_ingestion: File already exists at artifacts/data_ingestion/summarizer-data.zip. Skipping download.]
[2026-02-01 10:19:30,891: INFO: data_ingestion: File extracted successfully at artifacts/data_ingestion]
[2026-02-01 10:19:30,891: INFO: main: >>>>>> Stage Data Ingestion Stage completed <<<<<<]
[2026-02-01 10:19:30,891: INFO: main: >>>>>> Stage Data Transformation Stage started <<<<<<]
[2026-02-01 10:19:30,893: INFO: common: YAML file 'config/config.yaml' read successfully.]
[2026-02-01 10:19:30,893: INFO: common: YAML file 'params.yaml' read successfully.]
[2026-02-01 10:19:30,894: INFO: common: Directory 'artifacts' created successfully or already exists.]
[2026-02-01 10:19:30,894: INFO: common: Directory 'artifacts/data_transformation' created successfully or already exists.]
[2026-02-01 10:19:32,275: INFO: data_transformation: Initialized DataTransformation with tokenizer: google/flan-t5-small]
[2026-02-01 10:19:34,247: INFO: data_transformation: Saving transformed dataset to disk...]
[2026-02-01 10:19:34,742: INFO: data_transformation: Dataset saved successfully at artifacts/data_transformation/summarizer_dataset]
[2026-02-01 10:19:34,761: INFO: main: >>>>>> Stage Data Transformation Stage completed <<<<<<]
[2026-02-01 10:19:34,761: INFO: main: >>>>>> Stage Model Trainer Stage started <<<<<<]
[2026-02-01 10:19:34,763: INFO: common: YAML file 'config/config.yaml' read successfully.]
[2026-02-01 10:19:34,764: INFO: common: YAML file 'params.yaml' read successfully.]
[2026-02-01 10:19:34,764: INFO: common: Directory 'artifacts' created successfully or already exists.]
[2026-02-01 10:19:34,764: INFO: common: Directory 'artifacts/model_trainer' created successfully or already exists.]
[2026-02-01 10:19:34,799: INFO: model_trainer: Initialized ModelTrainer on device: cuda]
[2026-02-01 10:19:37,185: INFO: model_trainer: Starting model training...]
[2026-02-01 10:19:37,938: ERROR: stage3_model_trainer: CUDA out of memory. Tried to allocate 20.00 MiB. GPU 0 has a total capacity of 3.63 GiB of which 10.31 MiB is free. Process 26118 has 424.00 MiB memory in use. Process 43022 has 2.12 GiB memory in use. Including non-PyTorch memory, this process has 1.04 GiB memory in use. Of the allocated memory 931.18 MiB is allocated by PyTorch, and 58.82 MiB is reserved by PyTorch but unallocated. If reserved but unallocated memory is large try setting PYTORCH_ALLOC_CONF=expandable_segments:True to avoid fragmentation.  See documentation for Memory Management  (https://pytorch.org/docs/stable/notes/cuda.html#environment-variables)]
Traceback (most recent call last):
  File "/home/siddhu/Desktop/Text-Summarizer-With-HF/src/textSummarizer/pipeline/stage3_model_trainer.py", line 15, in initiate_model_trainer
    model_trainer.train()
  File "/home/siddhu/Desktop/Text-Summarizer-With-HF/src/textSummarizer/components/model_trainer.py", line 51, in train
    trainer.train()
  File "/home/siddhu/Desktop/Text-Summarizer-With-HF/venv/lib/python3.10/site-packages/transformers/trainer.py", line 2325, in train
    return inner_training_loop(
  File "/home/siddhu/Desktop/Text-Summarizer-With-HF/venv/lib/python3.10/site-packages/transformers/trainer.py", line 2674, in _inner_training_loop
    tr_loss_step = self.training_step(model, inputs, num_items_in_batch)
  File "/home/siddhu/Desktop/Text-Summarizer-With-HF/venv/lib/python3.10/site-packages/transformers/trainer.py", line 4020, in training_step
    loss = self.compute_loss(model, inputs, num_items_in_batch=num_items_in_batch)
  File "/home/siddhu/Desktop/Text-Summarizer-With-HF/venv/lib/python3.10/site-packages/transformers/trainer.py", line 4110, in compute_loss
    outputs = model(**inputs)
  File "/home/siddhu/Desktop/Text-Summarizer-With-HF/venv/lib/python3.10/site-packages/torch/nn/modules/module.py", line 1776, in _wrapped_call_impl
    return self._call_impl(*args, **kwargs)
  File "/home/siddhu/Desktop/Text-Summarizer-With-HF/venv/lib/python3.10/site-packages/torch/nn/modules/module.py", line 1787, in _call_impl
    return forward_call(*args, **kwargs)
  File "/home/siddhu/Desktop/Text-Summarizer-With-HF/venv/lib/python3.10/site-packages/transformers/models/t5/modeling_t5.py", line 1727, in forward
    encoder_outputs = self.encoder(
  File "/home/siddhu/Desktop/Text-Summarizer-With-HF/venv/lib/python3.10/site-packages/torch/nn/modules/module.py", line 1776, in _wrapped_call_impl
    return self._call_impl(*args, **kwargs)
  File "/home/siddhu/Desktop/Text-Summarizer-With-HF/venv/lib/python3.10/site-packages/torch/nn/modules/module.py", line 1787, in _call_impl
    return forward_call(*args, **kwargs)
  File "/home/siddhu/Desktop/Text-Summarizer-With-HF/venv/lib/python3.10/site-packages/transformers/models/t5/modeling_t5.py", line 1100, in forward
    layer_outputs = layer_module(
  File "/home/siddhu/Desktop/Text-Summarizer-With-HF/venv/lib/python3.10/site-packages/transformers/modeling_layers.py", line 94, in __call__
    return super().__call__(*args, **kwargs)
  File "/home/siddhu/Desktop/Text-Summarizer-With-HF/venv/lib/python3.10/site-packages/torch/nn/modules/module.py", line 1776, in _wrapped_call_impl
    return self._call_impl(*args, **kwargs)
  File "/home/siddhu/Desktop/Text-Summarizer-With-HF/venv/lib/python3.10/site-packages/torch/nn/modules/module.py", line 1787, in _call_impl
    return forward_call(*args, **kwargs)
  File "/home/siddhu/Desktop/Text-Summarizer-With-HF/venv/lib/python3.10/site-packages/transformers/utils/deprecation.py", line 172, in wrapped_func
    return func(*args, **kwargs)
  File "/home/siddhu/Desktop/Text-Summarizer-With-HF/venv/lib/python3.10/site-packages/transformers/models/t5/modeling_t5.py", line 737, in forward
    hidden_states = self.layer[-1](hidden_states)
  File "/home/siddhu/Desktop/Text-Summarizer-With-HF/venv/lib/python3.10/site-packages/torch/nn/modules/module.py", line 1776, in _wrapped_call_impl
    return self._call_impl(*args, **kwargs)
  File "/home/siddhu/Desktop/Text-Summarizer-With-HF/venv/lib/python3.10/site-packages/torch/nn/modules/module.py", line 1787, in _call_impl
    return forward_call(*args, **kwargs)
  File "/home/siddhu/Desktop/Text-Summarizer-With-HF/venv/lib/python3.10/site-packages/transformers/models/t5/modeling_t5.py", line 343, in forward
    forwarded_states = self.DenseReluDense(forwarded_states)
  File "/home/siddhu/Desktop/Text-Summarizer-With-HF/venv/lib/python3.10/site-packages/torch/nn/modules/module.py", line 1776, in _wrapped_call_impl
    return self._call_impl(*args, **kwargs)
  File "/home/siddhu/Desktop/Text-Summarizer-With-HF/venv/lib/python3.10/site-packages/torch/nn/modules/module.py", line 1787, in _call_impl
    return forward_call(*args, **kwargs)
  File "/home/siddhu/Desktop/Text-Summarizer-With-HF/venv/lib/python3.10/site-packages/transformers/models/t5/modeling_t5.py", line 313, in forward
    hidden_states = hidden_gelu * hidden_linear
torch.OutOfMemoryError: CUDA out of memory. Tried to allocate 20.00 MiB. GPU 0 has a total capacity of 3.63 GiB of which 10.31 MiB is free. Process 26118 has 424.00 MiB memory in use. Process 43022 has 2.12 GiB memory in use. Including non-PyTorch memory, this process has 1.04 GiB memory in use. Of the allocated memory 931.18 MiB is allocated by PyTorch, and 58.82 MiB is reserved by PyTorch but unallocated. If reserved but unallocated memory is large try setting PYTORCH_ALLOC_CONF=expandable_segments:True to avoid fragmentation.  See documentation for Memory Management  (https://pytorch.org/docs/stable/notes/cuda.html#environment-variables)
[2026-02-01 10:19:37,940: ERROR: main: Error in stage Model Trainer Stage: CUDA out of memory. Tried to allocate 20.00 MiB. GPU 0 has a total capacity of 3.63 GiB of which 10.31 MiB is free. Process 26118 has 424.00 MiB memory in use. Process 43022 has 2.12 GiB memory in use. Including non-PyTorch memory, this process has 1.04 GiB memory in use. Of the allocated memory 931.18 MiB is allocated by PyTorch, and 58.82 MiB is reserved by PyTorch but unallocated. If reserved but unallocated memory is large try setting PYTORCH_ALLOC_CONF=expandable_segments:True to avoid fragmentation.  See documentation for Memory Management  (https://pytorch.org/docs/stable/notes/cuda.html#environment-variables)]
Traceback (most recent call last):
  File "/home/siddhu/Desktop/Text-Summarizer-With-HF/main.py", line 43, in <module>
    model_trainer.initiate_model_trainer()
  File "/home/siddhu/Desktop/Text-Summarizer-With-HF/src/textSummarizer/pipeline/stage3_model_trainer.py", line 18, in initiate_model_trainer
    raise e
  File "/home/siddhu/Desktop/Text-Summarizer-With-HF/src/textSummarizer/pipeline/stage3_model_trainer.py", line 15, in initiate_model_trainer
    model_trainer.train()
  File "/home/siddhu/Desktop/Text-Summarizer-With-HF/src/textSummarizer/components/model_trainer.py", line 51, in train
    trainer.train()
  File "/home/siddhu/Desktop/Text-Summarizer-With-HF/venv/lib/python3.10/site-packages/transformers/trainer.py", line 2325, in train
    return inner_training_loop(
  File "/home/siddhu/Desktop/Text-Summarizer-With-HF/venv/lib/python3.10/site-packages/transformers/trainer.py", line 2674, in _inner_training_loop
    tr_loss_step = self.training_step(model, inputs, num_items_in_batch)
  File "/home/siddhu/Desktop/Text-Summarizer-With-HF/venv/lib/python3.10/site-packages/transformers/trainer.py", line 4020, in training_step
    loss = self.compute_loss(model, inputs, num_items_in_batch=num_items_in_batch)
  File "/home/siddhu/Desktop/Text-Summarizer-With-HF/venv/lib/python3.10/site-packages/transformers/trainer.py", line 4110, in compute_loss
    outputs = model(**inputs)
  File "/home/siddhu/Desktop/Text-Summarizer-With-HF/venv/lib/python3.10/site-packages/torch/nn/modules/module.py", line 1776, in _wrapped_call_impl
    return self._call_impl(*args, **kwargs)
  File "/home/siddhu/Desktop/Text-Summarizer-With-HF/venv/lib/python3.10/site-packages/torch/nn/modules/module.py", line 1787, in _call_impl
    return forward_call(*args, **kwargs)
  File "/home/siddhu/Desktop/Text-Summarizer-With-HF/venv/lib/python3.10/site-packages/transformers/models/t5/modeling_t5.py", line 1727, in forward
    encoder_outputs = self.encoder(
  File "/home/siddhu/Desktop/Text-Summarizer-With-HF/venv/lib/python3.10/site-packages/torch/nn/modules/module.py", line 1776, in _wrapped_call_impl
    return self._call_impl(*args, **kwargs)
  File "/home/siddhu/Desktop/Text-Summarizer-With-HF/venv/lib/python3.10/site-packages/torch/nn/modules/module.py", line 1787, in _call_impl
    return forward_call(*args, **kwargs)
  File "/home/siddhu/Desktop/Text-Summarizer-With-HF/venv/lib/python3.10/site-packages/transformers/models/t5/modeling_t5.py", line 1100, in forward
    layer_outputs = layer_module(
  File "/home/siddhu/Desktop/Text-Summarizer-With-HF/venv/lib/python3.10/site-packages/transformers/modeling_layers.py", line 94, in __call__
    return super().__call__(*args, **kwargs)
  File "/home/siddhu/Desktop/Text-Summarizer-With-HF/venv/lib/python3.10/site-packages/torch/nn/modules/module.py", line 1776, in _wrapped_call_impl
    return self._call_impl(*args, **kwargs)
  File "/home/siddhu/Desktop/Text-Summarizer-With-HF/venv/lib/python3.10/site-packages/torch/nn/modules/module.py", line 1787, in _call_impl
    return forward_call(*args, **kwargs)
  File "/home/siddhu/Desktop/Text-Summarizer-With-HF/venv/lib/python3.10/site-packages/transformers/utils/deprecation.py", line 172, in wrapped_func
    return func(*args, **kwargs)
  File "/home/siddhu/Desktop/Text-Summarizer-With-HF/venv/lib/python3.10/site-packages/transformers/models/t5/modeling_t5.py", line 737, in forward
    hidden_states = self.layer[-1](hidden_states)
  File "/home/siddhu/Desktop/Text-Summarizer-With-HF/venv/lib/python3.10/site-packages/torch/nn/modules/module.py", line 1776, in _wrapped_call_impl
    return self._call_impl(*args, **kwargs)
  File "/home/siddhu/Desktop/Text-Summarizer-With-HF/venv/lib/python3.10/site-packages/torch/nn/modules/module.py", line 1787, in _call_impl
    return forward_call(*args, **kwargs)
  File "/home/siddhu/Desktop/Text-Summarizer-With-HF/venv/lib/python3.10/site-packages/transformers/models/t5/modeling_t5.py", line 343, in forward
    forwarded_states = self.DenseReluDense(forwarded_states)
  File "/home/siddhu/Desktop/Text-Summarizer-With-HF/venv/lib/python3.10/site-packages/torch/nn/modules/module.py", line 1776, in _wrapped_call_impl
    return self._call_impl(*args, **kwargs)
  File "/home/siddhu/Desktop/Text-Summarizer-With-HF/venv/lib/python3.10/site-packages/torch/nn/modules/module.py", line 1787, in _call_impl
    return forward_call(*args, **kwargs)
  File "/home/siddhu/Desktop/Text-Summarizer-With-HF/venv/lib/python3.10/site-packages/transformers/models/t5/modeling_t5.py", line 313, in forward
    hidden_states = hidden_gelu * hidden_linear
torch.OutOfMemoryError: CUDA out of memory. Tried to allocate 20.00 MiB. GPU 0 has a total capacity of 3.63 GiB of which 10.31 MiB is free. Process 26118 has 424.00 MiB memory in use. Process 43022 has 2.12 GiB memory in use. Including non-PyTorch memory, this process has 1.04 GiB memory in use. Of the allocated memory 931.18 MiB is allocated by PyTorch, and 58.82 MiB is reserved by PyTorch but unallocated. If reserved but unallocated memory is large try setting PYTORCH_ALLOC_CONF=expandable_segments:True to avoid fragmentation.  See documentation for Memory Management  (https://pytorch.org/docs/stable/notes/cuda.html#environment-variables)
[2026-02-01 10:23:34,320: INFO: main: >>>>>> Stage Data Ingestion Stage started <<<<<<]
[2026-02-01 10:23:34,322: INFO: common: YAML file 'config/config.yaml' read successfully.]
[2026-02-01 10:23:34,324: INFO: common: YAML file 'params.yaml' read successfully.]
[2026-02-01 10:23:34,324: INFO: common: Directory 'artifacts' created successfully or already exists.]
[2026-02-01 10:23:34,324: INFO: common: Directory 'artifacts/data_ingestion' created successfully or already exists.]
[2026-02-01 10:23:35,872: INFO: data_ingestion: File downloaded successfully!]
[2026-02-01 10:23:35,923: INFO: data_ingestion: File extracted successfully at artifacts/data_ingestion]
[2026-02-01 10:23:35,923: INFO: main: >>>>>> Stage Data Ingestion Stage completed <<<<<<]
[2026-02-01 10:23:35,923: INFO: main: >>>>>> Stage Data Transformation Stage started <<<<<<]
[2026-02-01 10:23:35,925: INFO: common: YAML file 'config/config.yaml' read successfully.]
[2026-02-01 10:23:35,926: INFO: common: YAML file 'params.yaml' read successfully.]
[2026-02-01 10:23:35,926: INFO: common: Directory 'artifacts' created successfully or already exists.]
[2026-02-01 10:23:35,926: INFO: common: Directory 'artifacts/data_transformation' created successfully or already exists.]
[2026-02-01 10:23:37,081: INFO: data_transformation: Initialized DataTransformation with tokenizer: google/flan-t5-small]
[2026-02-01 10:23:39,051: INFO: data_transformation: Saving transformed dataset to disk...]
[2026-02-01 10:23:39,091: INFO: data_transformation: Dataset saved successfully at artifacts/data_transformation/summarizer_dataset]
[2026-02-01 10:23:39,113: INFO: main: >>>>>> Stage Data Transformation Stage completed <<<<<<]
[2026-02-01 10:23:39,113: INFO: main: >>>>>> Stage Model Trainer Stage started <<<<<<]
[2026-02-01 10:23:39,115: INFO: common: YAML file 'config/config.yaml' read successfully.]
[2026-02-01 10:23:39,115: INFO: common: YAML file 'params.yaml' read successfully.]
[2026-02-01 10:23:39,115: INFO: common: Directory 'artifacts' created successfully or already exists.]
[2026-02-01 10:23:39,116: INFO: common: Directory 'artifacts/model_trainer' created successfully or already exists.]
[2026-02-01 10:23:39,240: INFO: model_trainer: Initialized ModelTrainer on device: cuda]
[2026-02-01 10:23:42,465: INFO: model_trainer: Starting model training...]
[2026-02-01 10:24:31,212: INFO: model_trainer: Model training completed successfully.]
[2026-02-01 10:24:31,212: INFO: model_trainer: Saving model and tokenizer...]
[2026-02-01 10:24:31,740: INFO: model_trainer: Model and tokenizer saved at artifacts/model_trainer]
[2026-02-01 10:24:31,757: INFO: main: >>>>>> Stage Model Trainer Stage completed <<<<<<]
[2026-02-01 11:52:26,946: INFO: common: YAML file 'config/config.yaml' read successfully.]
[2026-02-01 11:52:26,950: INFO: common: YAML file 'params.yaml' read successfully.]
[2026-02-01 11:52:26,951: INFO: common: Directory 'artifacts' created successfully or already exists.]
[2026-02-01 11:52:26,953: INFO: common: Directory 'artifacts/model_evaluation' created successfully or already exists.]
[2026-02-01 11:54:36,209: INFO: rouge_scorer: Using default tokenizer.]
[2026-02-01 11:59:30,408: INFO: main: >>>>>> Stage Data Ingestion Stage started <<<<<<]
[2026-02-01 11:59:30,412: INFO: common: YAML file 'config/config.yaml' read successfully.]
[2026-02-01 11:59:30,413: INFO: common: YAML file 'params.yaml' read successfully.]
[2026-02-01 11:59:30,414: INFO: common: Directory 'artifacts' created successfully or already exists.]
[2026-02-01 11:59:30,414: INFO: common: Directory 'artifacts/data_ingestion' created successfully or already exists.]
[2026-02-01 11:59:36,142: INFO: data_ingestion: File downloaded successfully!]
[2026-02-01 11:59:36,238: INFO: data_ingestion: File extracted successfully at artifacts/data_ingestion]
[2026-02-01 11:59:36,238: INFO: main: >>>>>> Stage Data Ingestion Stage completed <<<<<<]
[2026-02-01 11:59:36,238: INFO: main: >>>>>> Stage Data Transformation Stage started <<<<<<]
[2026-02-01 11:59:36,242: INFO: common: YAML file 'config/config.yaml' read successfully.]
[2026-02-01 11:59:36,243: INFO: common: YAML file 'params.yaml' read successfully.]
[2026-02-01 11:59:36,244: INFO: common: Directory 'artifacts' created successfully or already exists.]
[2026-02-01 11:59:36,244: INFO: common: Directory 'artifacts/data_transformation' created successfully or already exists.]
[2026-02-01 11:59:37,741: INFO: data_transformation: Initialized DataTransformation with tokenizer: google/flan-t5-small]
[2026-02-01 11:59:41,268: INFO: data_transformation: Saving transformed dataset to disk...]
[2026-02-01 11:59:41,347: INFO: data_transformation: Dataset saved successfully at artifacts/data_transformation/summarizer_dataset]
[2026-02-01 11:59:41,377: INFO: main: >>>>>> Stage Data Transformation Stage completed <<<<<<]
[2026-02-01 11:59:41,378: INFO: main: >>>>>> Stage Model Trainer Stage started <<<<<<]
[2026-02-01 11:59:41,381: INFO: common: YAML file 'config/config.yaml' read successfully.]
[2026-02-01 11:59:41,383: INFO: common: YAML file 'params.yaml' read successfully.]
[2026-02-01 11:59:41,383: INFO: common: Directory 'artifacts' created successfully or already exists.]
[2026-02-01 11:59:41,384: INFO: common: Directory 'artifacts/model_trainer' created successfully or already exists.]
[2026-02-01 11:59:41,423: INFO: model_trainer: Initialized ModelTrainer on device: cuda]
[2026-02-01 11:59:46,905: INFO: model_trainer: Starting model training...]
[2026-02-01 12:00:43,643: INFO: model_trainer: Model training completed successfully.]
[2026-02-01 12:00:43,643: INFO: model_trainer: Saving model and tokenizer...]
[2026-02-01 12:00:44,206: INFO: model_trainer: Model and tokenizer saved at artifacts/model_trainer]
[2026-02-01 12:00:44,223: INFO: main: >>>>>> Stage Model Trainer Stage completed <<<<<<]
[2026-02-01 12:00:44,223: INFO: main: >>>>>> Stage Model Evaluation Stage started <<<<<<]
[2026-02-01 12:00:44,225: INFO: common: YAML file 'config/config.yaml' read successfully.]
[2026-02-01 12:00:44,226: INFO: common: YAML file 'params.yaml' read successfully.]
[2026-02-01 12:00:44,226: INFO: common: Directory 'artifacts' created successfully or already exists.]
[2026-02-01 12:00:44,228: INFO: common: Directory 'artifacts/model_evaluation' created successfully or already exists.]
[2026-02-01 12:00:44,228: INFO: model_evaluation: Initialized ModelEvaluation on device: cuda]
[2026-02-01 12:00:47,166: INFO: model_evaluation: Loaded model from artifacts/model_trainer/t5_model and dataset from artifacts/data_transformation/summarizer_dataset]
[2026-02-01 12:02:38,302: INFO: rouge_scorer: Using default tokenizer.]
[2026-02-01 12:02:38,714: INFO: model_evaluation: Saving evaluation metrics to CSV...]
[2026-02-01 12:02:38,715: INFO: model_evaluation: Evaluation metrics saved successfully at artifacts/model_evaluation/metrics.csv]
[2026-02-01 12:02:38,715: INFO: main: >>>>>> Stage Model Evaluation Stage completed <<<<<<]
[2026-02-01 12:06:46,858: INFO: server: Started server process [88878]]
[2026-02-01 12:06:46,858: INFO: on: Waiting for application startup.]
[2026-02-01 12:06:46,859: INFO: on: Application startup complete.]
[2026-02-01 12:06:46,859: INFO: server: Uvicorn running on http://0.0.0.0:8000 (Press CTRL+C to quit)]
[2026-02-01 12:07:52,528: INFO: server: Shutting down]
[2026-02-01 12:07:52,630: INFO: on: Waiting for application shutdown.]
[2026-02-01 12:07:52,630: INFO: on: Application shutdown complete.]
[2026-02-01 12:07:52,631: INFO: server: Finished server process [88878]]
[2026-02-01 12:08:02,215: INFO: server: Started server process [90065]]
[2026-02-01 12:08:02,215: INFO: on: Waiting for application startup.]
[2026-02-01 12:08:02,216: INFO: on: Application startup complete.]
[2026-02-01 12:08:02,216: INFO: server: Uvicorn running on http://0.0.0.0:8000 (Press CTRL+C to quit)]
[2026-02-01 12:08:13,558: INFO: common: YAML file 'config/config.yaml' read successfully.]
[2026-02-01 12:08:13,561: INFO: common: YAML file 'params.yaml' read successfully.]
[2026-02-01 12:08:13,561: INFO: common: Directory 'artifacts' created successfully or already exists.]
[2026-02-01 12:08:13,562: INFO: common: Directory 'artifacts/model_evaluation' created successfully or already exists.]
[2026-02-01 12:23:35,342: INFO: common: YAML file 'config/config.yaml' read successfully.]
[2026-02-01 12:23:35,344: INFO: common: YAML file 'params.yaml' read successfully.]
[2026-02-01 12:23:35,344: INFO: common: Directory 'artifacts' created successfully or already exists.]
[2026-02-01 12:23:35,344: INFO: common: Directory 'artifacts/model_evaluation' created successfully or already exists.]
[2026-02-01 12:35:26,213: INFO: server: Shutting down]
[2026-02-01 12:35:26,314: INFO: on: Waiting for application shutdown.]
[2026-02-01 12:35:26,315: INFO: on: Application shutdown complete.]
[2026-02-01 12:35:26,315: INFO: server: Finished server process [90065]]
